<?xml version="1.0" encoding="UTF-8" ?>
<testsuites errors="1"
            failures="1"
            tests="1">

  <testsuite name="wasd"
    errors="1" failures="1" hostname="" id="" package="wasd" skipped="0"
    tests="1" time="22.98" timestamp="Mon, 25 May 2015 15:02:59 GMT">
  
    <testcase name="delete stuff" time="22.98" assertions="13">

    

    

    

      <failure message="Timed out while waiting for element &lt;button[data-hook=&#39;close-button&#39;]&gt; to be present for 1000 milliseconds.">Timed out while waiting for element &lt;button[data-hook=&#39;close-button&#39;]&gt; to be present for 1000 milliseconds.: Expected &quot;found&quot; but got: &quot;not found&quot;
    at F.WaitForElement.fail (C:\Users\Muhammad\desktop\nightwatch-testing\my_tests\nightwatch\lib\api\commands\_waitForElement.js:194:15)
    at F.WaitForElementPresent.elementNotFound (C:\Users\Muhammad\desktop\nightwatch-testing\my_tests\nightwatch\lib\api\commands\waitForElementPresent.js:57:15)
    at Object.&lt;anonymous&gt; (C:\Users\Muhammad\desktop\nightwatch-testing\my_tests\nightwatch\lib\api\commands\_waitForElement.js:221:17)
    at HttpRequest.&lt;anonymous&gt; (C:\Users\Muhammad\desktop\nightwatch-testing\my_tests\nightwatch\lib\index.js:299:20)
    at HttpRequest.emit (events.js:110:17)
    at HttpRequest.&lt;anonymous&gt; (C:\Users\Muhammad\desktop\nightwatch-testing\my_tests\nightwatch\lib\index.js:322:15)
    at HttpRequest.emit (events.js:118:17)
    at IncomingMessage.&lt;anonymous&gt; (C:\Users\Muhammad\desktop\nightwatch-testing\my_tests\nightwatch\lib\http\request.js:148:16)
    at IncomingMessage.emit (events.js:129:20)
    at _stream_readable.js:908:16</failure>

    

    

    

    

    

    

    

      <failure message="Timed out while waiting for element &lt;input[name=&#39;email&#39;]&gt; to be present for 1000 milliseconds.">Timed out while waiting for element &lt;input[name=&#39;email&#39;]&gt; to be present for 1000 milliseconds.: Expected &quot;visible&quot; but got: &quot;not found&quot;
    at F.WaitForElement.fail (C:\Users\Muhammad\desktop\nightwatch-testing\my_tests\nightwatch\lib\api\commands\_waitForElement.js:194:15)
    at F.WaitForElementPresent.elementNotFound (C:\Users\Muhammad\desktop\nightwatch-testing\my_tests\nightwatch\lib\api\commands\waitForElementPresent.js:57:15)
    at Object.&lt;anonymous&gt; (C:\Users\Muhammad\desktop\nightwatch-testing\my_tests\nightwatch\lib\api\commands\_waitForElement.js:221:17)
    at HttpRequest.&lt;anonymous&gt; (C:\Users\Muhammad\desktop\nightwatch-testing\my_tests\nightwatch\lib\index.js:299:20)
    at HttpRequest.emit (events.js:110:17)
    at HttpRequest.&lt;anonymous&gt; (C:\Users\Muhammad\desktop\nightwatch-testing\my_tests\nightwatch\lib\index.js:322:15)
    at HttpRequest.emit (events.js:118:17)
    at IncomingMessage.&lt;anonymous&gt; (C:\Users\Muhammad\desktop\nightwatch-testing\my_tests\nightwatch\lib\http\request.js:148:16)
    at IncomingMessage.emit (events.js:129:20)
    at _stream_readable.js:908:16</failure>

    
    </testcase>
      <system-err>
        Unable to locate element: &quot;button[data-hook=&#39;close-button&#39;]&quot; using: css selector
      </system-err>
  
  
  </testsuite>
</testsuites>
